<?xml version="1.0" encoding="utf-8"?><testsuites name="pytest tests"><testsuite name="pytest" errors="0" failures="0" skipped="0" tests="12" time="25.144" timestamp="2026-09-13T08:29:02.722849+00:00" hostname="agent-env-1c7ba2aa-d667-41de-a39d-2088bde626d8"><testcase classname="tests.test_gateway_tts.TestGateway" name="test_allow_at_high_wai" time="9.390" /><testcase classname="tests.test_gateway_tts.TestTTS" name="test_narrate_and_cache" time="3.150" /><testcase classname="tests.test_gateway_tts.TestTTS" name="test_404_missing_audio" time="0.080" /><testcase classname="tests.test_gateway_tts.TestTTS" name="test_nova_voice_model_cache_key" time="4.161" /><testcase classname="tests.test_gateway_tts.TestTTS" name="test_invalid_model_falls_back" time="2.044" /><testcase classname="tests.test_gateway_tts.TestGateway" name="test_defer_flexible_at_low_wai" time="0.085" /><testcase classname="tests.test_gateway_tts.TestTTS" name="test_tamil_script_narration" time="2.124" /><testcase classname="tests.test_gateway_tts.TestGateway" name="test_critical_never_defers" time="5.258" /><testcase classname="tests.test_gateway_tts.TestGateway" name="test_auto_classify_emergency_is_critical" time="4.160" /><testcase classname="tests.test_gateway_tts.TestGateway" name="test_invalid_key" time="0.082" /><testcase classname="tests.test_gateway_tts.TestGateway" name="test_no_key_still_works" time="4.180" /><testcase classname="tests.test_gateway_tts.TestGateway" name="test_stats_increments" time="0.271" /></testsuite></testsuites>