<?xml version="1.0" encoding="utf-8"?><testsuites name="pytest tests"><testsuite name="pytest" errors="0" failures="0" skipped="0" tests="7" time="16.013" timestamp="2026-08-17T19:15:27.669849+00:00" hostname="agent-env-9bee592c-011e-43cb-94d7-fe9ef7f36e08"><testcase classname="tests.backend_test" name="test_root_online" time="1.978" /><testcase classname="tests.backend_test" name="test_chat_sse_streaming_and_history" time="3.681" /><testcase classname="tests.backend_test" name="test_audit_report_create_and_list_increment" time="0.274" /><testcase classname="tests.backend_test" name="test_forecast_advisory_returns_text" time="3.046" /><testcase classname="tests.backend_test" name="test_chat_grounding_founder" time="1.993" /><testcase classname="tests.backend_test" name="test_chat_grounding_team_roster" time="2.692" /><testcase classname="tests.backend_test" name="test_chat_grounding_researcher" time="2.008" /></testsuite></testsuites>