<?xml version="1.0" encoding="utf-8"?><testsuites name="pytest tests"><testsuite name="pytest" errors="0" failures="0" skipped="0" tests="7" time="12.779" timestamp="2026-08-17T19:51:34.743082+00:00" hostname="agent-env-9bee592c-011e-43cb-94d7-fe9ef7f36e08"><testcase classname="tests.backend_test" name="test_root_online" time="0.292" /><testcase classname="tests.backend_test" name="test_chat_sse_streaming_and_history" time="3.182" /><testcase classname="tests.backend_test" name="test_audit_report_create_and_list_increment" time="0.524" /><testcase classname="tests.backend_test" name="test_forecast_advisory_returns_text" time="2.578" /><testcase classname="tests.backend_test" name="test_chat_grounding_founder" time="2.133" /><testcase classname="tests.backend_test" name="test_chat_grounding_team_roster" time="2.305" /><testcase classname="tests.backend_test" name="test_chat_grounding_researcher" time="1.460" /></testsuite></testsuites>